# JRE version: OpenJDK Runtime Environment (11.0.10) (build 11.0.10+0-b96-7249189)
# Java VM: OpenJDK 64-Bit Server VM (11.0.10+0-b96-7249189, mixed mode, tiered, compressed oops, g1 gc, windows-amd64)
Heap:
 garbage-first heap   total 262144K, used 103250K [0x0000000080000000, 0x0000000100000000)
  region size 1024K, 16 young (16384K), 9 survivors (9216K)
 Metaspace       used 80785K, capacity 82930K, committed 83160K, reserved 1122304K
  class space    used 10509K, capacity 11231K, committed 11264K, reserved 1048576K
GC Heap History (18 events):
Event: 0.492 GC heap before
{Heap before GC invocations=0 (full 0):
 garbage-first heap   total 262144K, used 29696K [0x0000000080000000, 0x0000000100000000)
  region size 1024K, 24 young (24576K), 0 survivors (0K)
 Metaspace       used 10177K, capacity 10429K, committed 10624K, reserved 1058816K
  class space    used 1064K, capacity 1139K, committed 1152K, reserved 1048576K
}
Event: 0.495 GC heap after
{Heap after GC invocations=1 (full 0):
 garbage-first heap   total 262144K, used 9710K [0x0000000080000000, 0x0000000100000000)
  region size 1024K, 3 young (3072K), 3 survivors (3072K)
 Metaspace       used 10177K, capacity 10429K, committed 10624K, reserved 1058816K
  class space    used 1064K, capacity 1139K, committed 1152K, reserved 1048576K
}
Event: 3.175 GC heap before
{Heap before GC invocations=1 (full 0):
 garbage-first heap   total 262144K, used 104942K [0x0000000080000000, 0x0000000100000000)
  region size 1024K, 97 young (99328K), 3 survivors (3072K)
 Metaspace       used 20570K, capacity 21095K, committed 21248K, reserved 1067008K
  class space    used 2514K, capacity 2701K, committed 2816K, reserved 1048576K
}
Event: 3.182 GC heap after
{Heap after GC invocations=2 (full 0):
 garbage-first heap   total 262144K, used 16580K [0x0000000080000000, 0x0000000100000000)
  region size 1024K, 10 young (10240K), 10 survivors (10240K)
 Metaspace       used 20570K, capacity 21095K, committed 21248K, reserved 1067008K
  class space    used 2514K, capacity 2701K, committed 2816K, reserved 1048576K
}
Event: 3.467 GC heap before
{Heap before GC invocations=3 (full 0):
 garbage-first heap   total 262144K, used 53444K [0x0000000080000000, 0x0000000100000000)
  region size 1024K, 46 young (47104K), 10 survivors (10240K)
 Metaspace       used 24257K, capacity 24893K, committed 25216K, reserved 1071104K
  class space    used 3122K, capacity 3332K, committed 3456K, reserved 1048576K
}
Event: 3.471 GC heap after
{Heap after GC invocations=4 (full 0):
 garbage-first heap   total 262144K, used 18460K [0x0000000080000000, 0x0000000100000000)
  region size 1024K, 2 young (2048K), 2 survivors (2048K)
 Metaspace       used 24257K, capacity 24893K, committed 25216K, reserved 1071104K
  class space    used 3122K, capacity 3332K, committed 3456K, reserved 1048576K
}
Event: 4.371 GC heap before
{Heap before GC invocations=4 (full 0):
 garbage-first heap   total 262144K, used 110620K [0x0000000080000000, 0x0000000100000000)
  region size 1024K, 84 young (86016K), 2 survivors (2048K)
 Metaspace       used 34855K, capacity 35727K, committed 35840K, reserved 1081344K
  class space    used 4564K, capacity 4899K, committed 4992K, reserved 1048576K
}
Event: 4.381 GC heap after
{Heap after GC invocations=5 (full 0):
 garbage-first heap   total 262144K, used 35508K [0x0000000080000000, 0x0000000100000000)
  region size 1024K, 9 young (9216K), 9 survivors (9216K)
 Metaspace       used 34855K, capacity 35727K, committed 35840K, reserved 1081344K
  class space    used 4564K, capacity 4899K, committed 4992K, reserved 1048576K
}
Event: 5.452 GC heap before
{Heap before GC invocations=6 (full 0):
 garbage-first heap   total 262144K, used 150196K [0x0000000080000000, 0x0000000100000000)
  region size 1024K, 110 young (112640K), 9 survivors (9216K)
 Metaspace       used 43835K, capacity 45060K, committed 45184K, reserved 1089536K
  class space    used 5549K, capacity 5975K, committed 6016K, reserved 1048576K
}
Event: 5.470 GC heap after
{Heap after GC invocations=7 (full 0):
 garbage-first heap   total 262144K, used 53715K [0x0000000080000000, 0x0000000100000000)
  region size 1024K, 14 young (14336K), 14 survivors (14336K)
 Metaspace       used 43835K, capacity 45060K, committed 45184K, reserved 1089536K
  class space    used 5549K, capacity 5975K, committed 6016K, reserved 1048576K
}
Event: 7.138 GC heap before
{Heap before GC invocations=8 (full 0):
 garbage-first heap   total 262144K, used 176595K [0x0000000080000000, 0x0000000100000000)
  region size 1024K, 128 young (131072K), 14 survivors (14336K)
 Metaspace       used 49805K, capacity 51352K, committed 51456K, reserved 1093632K
  class space    used 6379K, capacity 6867K, committed 6912K, reserved 1048576K
}
Event: 7.150 GC heap after
{Heap after GC invocations=9 (full 0):
 garbage-first heap   total 262144K, used 69617K [0x0000000080000000, 0x0000000100000000)
  region size 1024K, 16 young (16384K), 16 survivors (16384K)
 Metaspace       used 49805K, capacity 51352K, committed 51456K, reserved 1093632K
  class space    used 6379K, capacity 6867K, committed 6912K, reserved 1048576K
}
Event: 8.394 GC heap before
{Heap before GC invocations=9 (full 0):
 garbage-first heap   total 262144K, used 184305K [0x0000000080000000, 0x0000000100000000)
  region size 1024K, 127 young (130048K), 16 survivors (16384K)
 Metaspace       used 63376K, capacity 65105K, committed 65280K, reserved 1105920K
  class space    used 8059K, capacity 8687K, committed 8704K, reserved 1048576K
}
Event: 8.404 GC heap after
{Heap after GC invocations=10 (full 0):
 garbage-first heap   total 262144K, used 81889K [0x0000000080000000, 0x0000000100000000)
  region size 1024K, 10 young (10240K), 10 survivors (10240K)
 Metaspace       used 63376K, capacity 65105K, committed 65280K, reserved 1105920K
  class space    used 8059K, capacity 8687K, committed 8704K, reserved 1048576K
}
Event: 10.264 GC heap before
{Heap before GC invocations=10 (full 0):
 garbage-first heap   total 262144K, used 192481K [0x0000000080000000, 0x0000000100000000)
  region size 1024K, 117 young (119808K), 10 survivors (10240K)
 Metaspace       used 71936K, capacity 73856K, committed 74112K, reserved 1114112K
  class space    used 9301K, capacity 9998K, committed 10112K, reserved 1048576K
}
Event: 10.270 GC heap after
{Heap after GC invocations=11 (full 0):
 garbage-first heap   total 262144K, used 89389K [0x0000000080000000, 0x0000000100000000)
  region size 1024K, 8 young (8192K), 8 survivors (8192K)
 Metaspace       used 71936K, capacity 73856K, committed 74112K, reserved 1114112K
  class space    used 9301K, capacity 9998K, committed 10112K, reserved 1048576K
}
Event: 10.583 GC heap before
{Heap before GC invocations=11 (full 0):
 garbage-first heap   total 262144K, used 109869K [0x0000000080000000, 0x0000000100000000)
  region size 1024K, 29 young (29696K), 8 survivors (8192K)
 Metaspace       used 73717K, capacity 75599K, committed 75736K, reserved 1114112K
  class space    used 9530K, capacity 10189K, committed 10240K, reserved 1048576K
}
Event: 10.588 GC heap after
{Heap after GC invocations=12 (full 0):
 garbage-first heap   total 262144K, used 90495K [0x0000000080000000, 0x0000000100000000)
  region size 1024K, 9 young (9216K), 9 survivors (9216K)
 Metaspace       used 73717K, capacity 75599K, committed 75736K, reserved 1114112K
  class space    used 9530K, capacity 10189K, committed 10240K, reserved 1048576K
}

